[2025-11-29T04:52:38Z] Starting advanced pipeline run (layout‑profile driven).
[2025-11-29T04:52:38Z] Loaded layout profile 'dts_master_report' from C:\Users\Jason\Documents\Git\SSP_Document_Publish_Pipeline\templates\profiles\layout_profile_dts_master_report.json
[2025-11-29T04:52:38Z] Body frame BodyMain not found.
[2025-11-29T04:52:38Z] Body frame BodyMain not found; cannot handle overflow.
[2025-11-29T04:52:38Z] PDF exported to C:\Users\Jason\Documents\Git\SSP_Document_Publish_Pipeline\published\pdf\SOP-200_r0.pdf
[2025-11-29T04:52:38Z] Advanced layout‑profile pipeline run completed.
[2025-11-29T04:54:57Z] Starting advanced pipeline run (layout‑profile driven).
[2025-11-29T04:54:57Z] Loaded layout profile 'dts_master_report' from C:\Users\Jason\Documents\Git\SSP_Document_Publish_Pipeline\templates\profiles\layout_profile_dts_master_report.json
[2025-11-29T04:54:57Z] Set meta frame ApnMain (apn): "2201"
[2025-11-29T04:54:57Z] Set meta frame StatusMain (status): Draft
[2025-11-29T04:54:57Z] Set meta frame DepartmentMain (department): Planning
[2025-11-29T04:54:57Z] Set meta frame OwnerMain (owner): Jason Grace
[2025-11-29T04:54:57Z] Set meta frame AmosVersionMain (amos_version): "25.6"
[2025-11-29T04:54:57Z] Set title frame TitleMain: Create Workackage Sequencing Type
[2025-11-29T04:54:57Z] Set meta frame DocIdMain (document_id): SOP-200
[2025-11-29T04:54:57Z] Set meta frame RevisionMain (revision): 0
[2025-11-29T04:54:57Z] Set title frame TitleContinuation: Create Workackage Sequencing Type
[2025-11-29T04:54:57Z] Set meta frame DocIdContinuation (document_id): SOP-200
[2025-11-29T04:54:57Z] Set meta frame RevisionContinuation (revision): 0
[2025-11-29T04:54:57Z] Set meta frame StatusContinuation (status): Draft
[2025-11-29T04:54:57Z] Linked body frame 'BodyMain' → 'BodyContinuation'
[2025-11-29T04:54:57Z] Overflow check #1: head=0, tail=1
[2025-11-29T04:54:57Z] Created continuation frame 'Text55' on page 3
[2025-11-29T04:54:57Z] Overflow check #2: head=0, tail=1
[2025-11-29T04:54:57Z] Created continuation frame 'Text56' on page 4
[2025-11-29T04:54:57Z] Overflow check #3: head=0, tail=1
[2025-11-29T04:54:57Z] Created continuation frame 'Text57' on page 5
[2025-11-29T04:54:57Z] Overflow check #4: head=0, tail=0
[2025-11-29T04:54:57Z] Overflow handling complete.
[2025-11-29T04:54:57Z] PDF exported to C:\Users\Jason\Documents\Git\SSP_Document_Publish_Pipeline\published\pdf\SOP-200_r0.pdf
[2025-11-29T04:54:57Z] Advanced layout‑profile pipeline run completed.
