[2025-11-29T05:57:49Z] Starting advanced pipeline run (layout-profile driven).
[2025-11-29T05:57:49Z] DocBook parsing produced 9 content blocks.
[2025-11-29T05:57:49Z] Set meta frame ApnMain (apn): "2201"
[2025-11-29T05:57:49Z] Set meta frame StatusMain (status): Draft
[2025-11-29T05:57:49Z] Set meta frame DepartmentMain (department): Planning
[2025-11-29T05:57:49Z] Set meta frame OwnerMain (owner): Jason Grace
[2025-11-29T05:57:49Z] Set meta frame AmosVersionMain (amos_version): "25.6"
[2025-11-29T05:57:49Z] Set title frame TitleMain: Create Workackage Sequencing Type
[2025-11-29T05:57:49Z] Set meta frame DocIdMain (document_id): SOP-200
[2025-11-29T05:57:49Z] Set meta frame RevisionMain (revision): 0
[2025-11-29T05:57:49Z] Set title frame TitleContinuation: Create Workackage Sequencing Type
[2025-11-29T05:57:49Z] Set meta frame DocIdContinuation (document_id): SOP-200
[2025-11-29T05:57:49Z] Set meta frame RevisionContinuation (revision): 0
[2025-11-29T05:57:49Z] Set meta frame StatusContinuation (status): Draft
[2025-11-29T05:57:49Z] Warning: failed to set style Heading3 on frame BodyMain
[2025-11-29T05:57:50Z] Warning: failed to set style Heading3 on frame BodyMain
[2025-11-29T05:57:50Z] Warning: failed to set style Heading3 on frame BodyMain
[2025-11-29T05:57:50Z] Warning: failed to set style Heading3 on frame BodyMain
[2025-11-29T05:57:50Z] Warning: failed to set style Heading3 on frame BodyMain
[2025-11-29T05:57:50Z] Linked body frame 'BodyMain' → 'BodyContinuation'
[2025-11-29T05:57:50Z] Overflow check #1: head=0, tail=0
[2025-11-29T05:57:50Z] Overflow handling complete.
[2025-11-29T05:57:50Z] PDF output suppressed (mode='ACTIVE_ONLY', doc_state='draft').
[2025-11-29T05:57:50Z] Advanced layout‑profile pipeline run completed.
[2025-11-29T06:09:16Z] Starting advanced pipeline run (layout-profile driven).
[2025-11-29T06:09:16Z] DocBook parsing produced 35 content blocks.
[2025-11-29T06:09:16Z] Set meta frame ApnMain (apn): "2201"
[2025-11-29T06:09:16Z] Set meta frame StatusMain (status): Draft
[2025-11-29T06:09:16Z] Set meta frame DepartmentMain (department): Planning
[2025-11-29T06:09:16Z] Set meta frame OwnerMain (owner): Jason Grace
[2025-11-29T06:09:16Z] Set meta frame AmosVersionMain (amos_version): "25.6"
[2025-11-29T06:09:16Z] Set title frame TitleMain: Create Workackage Sequencing Type
[2025-11-29T06:09:16Z] Set meta frame DocIdMain (document_id): SOP-200
[2025-11-29T06:09:16Z] Set meta frame RevisionMain (revision): 0
[2025-11-29T06:09:16Z] Set title frame TitleContinuation: Create Workackage Sequencing Type
[2025-11-29T06:09:16Z] Set meta frame DocIdContinuation (document_id): SOP-200
[2025-11-29T06:09:16Z] Set meta frame RevisionContinuation (revision): 0
[2025-11-29T06:09:16Z] Set meta frame StatusContinuation (status): Draft
[2025-11-29T06:09:16Z] Warning: failed to set style Heading3 on frame BodyMain
[2025-11-29T06:09:16Z] Warning: failed to set style Heading3 on frame BodyMain
[2025-11-29T06:09:16Z] Warning: failed to set style Heading3 on frame BodyMain
[2025-11-29T06:09:16Z] Warning: failed to set style Heading3 on frame BodyMain
[2025-11-29T06:09:16Z] Warning: failed to set style Heading3 on frame BodyMain
[2025-11-29T06:09:16Z] Body frame 'BodyMain' may already be linked to 'BodyContinuation'
[2025-11-29T06:09:16Z] Overflow check #1: head=0, tail=1
[2025-11-29T06:09:16Z] Created continuation frame 'Text55' on page 3
[2025-11-29T06:09:16Z] Overflow check #2: head=0, tail=0
[2025-11-29T06:09:16Z] Overflow handling complete.
[2025-11-29T06:09:16Z] PDF output suppressed (mode='ACTIVE_ONLY', doc_state='draft').
[2025-11-29T06:09:16Z] Advanced layout‑profile pipeline run completed.
[2025-11-29T06:16:35Z] Starting advanced pipeline run (layout-profile driven).
[2025-11-29T06:16:35Z] DocBook parsing produced 37 content blocks.
[2025-11-29T06:16:35Z] Set meta frame ApnMain (apn): "2201"
[2025-11-29T06:16:35Z] Set meta frame StatusMain (status): Draft
[2025-11-29T06:16:35Z] Set meta frame DepartmentMain (department): Planning
[2025-11-29T06:16:35Z] Set meta frame OwnerMain (owner): Jason Grace
[2025-11-29T06:16:35Z] Set meta frame AmosVersionMain (amos_version): "25.6"
[2025-11-29T06:16:35Z] Set title frame TitleMain: Create Workackage Sequencing Type
[2025-11-29T06:16:35Z] Set meta frame DocIdMain (document_id): SOP-200
[2025-11-29T06:16:35Z] Set meta frame RevisionMain (revision): 0
[2025-11-29T06:16:35Z] Set title frame TitleContinuation: Create Workackage Sequencing Type
[2025-11-29T06:16:35Z] Set meta frame DocIdContinuation (document_id): SOP-200
[2025-11-29T06:16:35Z] Set meta frame RevisionContinuation (revision): 0
[2025-11-29T06:16:35Z] Set meta frame StatusContinuation (status): Draft
[2025-11-29T06:16:35Z] Warning: failed to set style Heading3 on frame BodyMain
[2025-11-29T06:16:35Z] Warning: failed to set style Heading3 on frame BodyMain
[2025-11-29T06:16:35Z] Warning: failed to set style Heading3 on frame BodyMain
[2025-11-29T06:16:35Z] Warning: failed to set style Heading3 on frame BodyMain
[2025-11-29T06:16:35Z] Warning: failed to set style Heading3 on frame BodyMain
[2025-11-29T06:16:35Z] Body frame 'BodyMain' may already be linked to 'BodyContinuation'
[2025-11-29T06:16:36Z] Overflow check #1: head=0, tail=0
[2025-11-29T06:16:36Z] Overflow handling complete.
[2025-11-29T06:16:36Z] PDF output suppressed (mode='ACTIVE_ONLY', doc_state='draft').
[2025-11-29T06:16:36Z] Advanced layout‑profile pipeline run completed.
[2025-11-29T06:22:20Z] Starting advanced pipeline run (layout-profile driven).
[2025-11-29T06:22:20Z] DocBook parsing produced 37 content blocks.
[2025-11-29T06:22:20Z] Set meta frame ApnMain (apn): "2201"
[2025-11-29T06:22:20Z] Set meta frame StatusMain (status): Draft
[2025-11-29T06:22:20Z] Set meta frame DepartmentMain (department): Planning
[2025-11-29T06:22:20Z] Set meta frame OwnerMain (owner): Jason Grace
[2025-11-29T06:22:20Z] Set meta frame AmosVersionMain (amos_version): "25.6"
[2025-11-29T06:22:20Z] Set title frame TitleMain: Create Workackage Sequencing Type
[2025-11-29T06:22:20Z] Set meta frame DocIdMain (document_id): SOP-200
[2025-11-29T06:22:20Z] Set meta frame RevisionMain (revision): 0
[2025-11-29T06:22:20Z] Set title frame TitleContinuation: Create Workackage Sequencing Type
[2025-11-29T06:22:20Z] Set meta frame DocIdContinuation (document_id): SOP-200
[2025-11-29T06:22:20Z] Set meta frame RevisionContinuation (revision): 0
[2025-11-29T06:22:20Z] Set meta frame StatusContinuation (status): Draft
[2025-11-29T06:22:20Z] Warning: failed to set style Heading3 on frame BodyMain
[2025-11-29T06:22:20Z] Warning: failed to set style Heading3 on frame BodyMain
[2025-11-29T06:22:20Z] Warning: failed to set style Heading3 on frame BodyMain
[2025-11-29T06:22:20Z] Warning: failed to set style Heading3 on frame BodyMain
[2025-11-29T06:22:20Z] Warning: failed to set style Heading3 on frame BodyMain
[2025-11-29T06:22:20Z] Body frame 'BodyMain' may already be linked to 'BodyContinuation'
[2025-11-29T06:22:20Z] Overflow check #1: head=0, tail=0
[2025-11-29T06:22:20Z] Overflow handling complete.
[2025-11-29T06:22:20Z] PDF output suppressed (mode='ACTIVE_ONLY', doc_state='draft').
[2025-11-29T06:22:20Z] Advanced layout‑profile pipeline run completed.
