[2025-11-28T19:50:59.295643] Starting basic SOP-200 pipeline run (with overflow).
[2025-11-28T19:50:59.302730] Set title in frame TitleMP: Create Workackage Sequencing Type
[2025-11-28T19:50:59.307262] Set meta document_id in frame DocIdMP: SOP-200
[2025-11-28T19:50:59.312278] Set meta revision in frame RevMP: 0
[2025-11-28T19:50:59.319830] Set meta effective_date in frame EffDateMP: None
[2025-11-28T19:50:59.325839] Set meta status in frame StatusMP: Draft
[2025-11-28T19:50:59.334235] Set meta owner in frame OwnerMP: Jason Grace
[2025-11-28T19:50:59.341278] Set meta approver in frame ApproverMP: None
[2025-11-28T19:50:59.347283] Set meta department in frame DepartmentMP: Planning
[2025-11-28T19:50:59.355374] Set meta amos_version in frame AMOSVersonMP: 25.6
[2025-11-28T19:50:59.359891] Set meta apn in frame APNMP: 2201
[2025-11-28T19:50:59.364894] Set title in frame TitleCONT: Create Workackage Sequencing Type
[2025-11-28T19:50:59.371579] Set meta document_id in frame DocIdCONT: SOP-200
[2025-11-28T19:50:59.378081] Set meta revision in frame RevCONT: 0
[2025-11-28T19:50:59.383596] Set meta effective_date in frame EffDateCONT: None
[2025-11-28T19:50:59.390114] Set meta status in frame StatusCONT: Draft
[2025-11-28T19:50:59.487206] Body text flowed into frame BodyTextMP.
[2025-11-28T19:50:59.495540] Linked text frames: BodyTextMP → BodyTextCONT
[2025-11-28T19:50:59.629259] PDF exported to C:\Users\Jason\Documents\OVault\OVault\WORK\New AMOS\Document_Publish_Pipeline\published\pdf\SOP-200_basic_overflow.pdf
[2025-11-28T19:50:59.629259] Basic SOP-200 pipeline run (with overflow) completed.
[2025-11-28T21:00:04.708771] Starting basic SOP-200 pipeline run (with overflow).
[2025-11-28T21:00:04.720048] Set title in frame TitleMP: Create Workackage Sequencing Type
[2025-11-28T21:00:04.728053] Set meta document_id in frame DocIdMP: SOP-200
[2025-11-28T21:00:04.737090] Set meta revision in frame RevMP: 0
[2025-11-28T21:00:04.742598] Set meta effective_date in frame EffDateMP: None
[2025-11-28T21:00:04.749632] Set meta status in frame StatusMP: Draft
[2025-11-28T21:00:04.755639] Set meta owner in frame OwnerMP: Jason Grace
[2025-11-28T21:00:04.761144] Set meta approver in frame ApproverMP: None
[2025-11-28T21:00:04.766150] Set meta department in frame DepartmentMP: Planning
[2025-11-28T21:00:04.773680] Set meta amos_version in frame AMOSVersonMP: 25.6
[2025-11-28T21:00:04.780409] Set meta apn in frame APNMP: 2201
[2025-11-28T21:00:04.786886] Set title in frame TitleCONT: Create Workackage Sequencing Type
[2025-11-28T21:00:04.792032] Set meta document_id in frame DocIdCONT: SOP-200
[2025-11-28T21:00:04.800040] Set meta revision in frame RevCONT: 0
[2025-11-28T21:00:04.807348] Set meta effective_date in frame EffDateCONT: None
[2025-11-28T21:00:04.813857] Set meta status in frame StatusCONT: Draft
[2025-11-28T21:00:04.974618] Body text flowed into frame BodyTextMP.
[2025-11-28T21:00:04.982163] Failed to link BodyTextMP to BodyTextCONT: Source frame is linked to another frame.
[2025-11-28T21:02:16.052286] Starting basic SOP-200 pipeline run (with overflow).
[2025-11-28T21:02:16.070348] Set title in frame TitleMP: Create Workackage Sequencing Type
[2025-11-28T21:02:16.076554] Set meta document_id in frame DocIdMP: SOP-200
[2025-11-28T21:02:16.087143] Set meta revision in frame RevMP: 0
[2025-11-28T21:02:16.092666] Set meta effective_date in frame EffDateMP: None
[2025-11-28T21:02:16.102801] Set meta status in frame StatusMP: Draft
[2025-11-28T21:02:16.110489] Set meta owner in frame OwnerMP: Jason Grace
[2025-11-28T21:02:16.117643] Set meta approver in frame ApproverMP: None
[2025-11-28T21:02:16.124827] Set meta department in frame DepartmentMP: Planning
[2025-11-28T21:02:16.131035] Set meta amos_version in frame AMOSVersonMP: 25.6
[2025-11-28T21:02:16.139202] Set meta apn in frame APNMP: 2201
[2025-11-28T21:02:16.145392] Set title in frame TitleCONT: Create Workackage Sequencing Type
[2025-11-28T21:02:16.152968] Set meta document_id in frame DocIdCONT: SOP-200
[2025-11-28T21:02:16.160478] Set meta revision in frame RevCONT: 0
[2025-11-28T21:02:16.167584] Set meta effective_date in frame EffDateCONT: None
[2025-11-28T21:02:16.174037] Set meta status in frame StatusCONT: Draft
[2025-11-28T21:02:16.374626] Body text flowed into frame BodyTextMP.
[2025-11-28T21:02:16.381624] Failed to link BodyTextMP to BodyTextCONT: Source frame is linked to another frame.
[2025-11-28T21:05:43.644465] Starting basic SOP-200 pipeline run (with overflow).
[2025-11-28T21:05:43.657856] Set title in frame TitleMP: Create Workackage Sequencing Type
[2025-11-28T21:05:43.664374] Set meta document_id in frame DocIdMP: SOP-200
[2025-11-28T21:05:43.672555] Set meta revision in frame RevMP: 0
[2025-11-28T21:05:43.679899] Set meta effective_date in frame EffDateMP: None
[2025-11-28T21:05:43.686495] Set meta status in frame StatusMP: Draft
[2025-11-28T21:05:43.692498] Set meta owner in frame OwnerMP: Jason Grace
[2025-11-28T21:05:43.697006] Set meta approver in frame ApproverMP: None
[2025-11-28T21:05:43.705072] Set meta department in frame DepartmentMP: Planning
[2025-11-28T21:05:43.713746] Set meta amos_version in frame AMOSVersonMP: 25.6
[2025-11-28T21:05:43.721814] Set meta apn in frame APNMP: 2201
[2025-11-28T21:05:43.730277] Set title in frame TitleCONT: Create Workackage Sequencing Type
[2025-11-28T21:05:43.737334] Set meta document_id in frame DocIdCONT: SOP-200
[2025-11-28T21:05:43.743445] Set meta revision in frame RevCONT: 0
[2025-11-28T21:05:43.749540] Set meta effective_date in frame EffDateCONT: None
[2025-11-28T21:05:43.757949] Set meta status in frame StatusCONT: Draft
[2025-11-28T21:05:43.957947] Body text flowed into frame BodyTextMP.
[2025-11-28T21:05:43.967670] Failed to link BodyTextMP to BodyTextCONT: Source frame is linked to another frame.
[2025-11-28T21:05:44.093266] PDF exported to C:\Users\Jason\Documents\OVault\OVault\WORK\New AMOS\Document_Publish_Pipeline\published\pdf\SOP-200_basic_overflow.pdf
[2025-11-28T21:05:44.100613] Basic SOP-200 pipeline run (with overflow) completed.
[2025-11-28T21:05:46.894727] Basic SOP-200 pipeline run (with overflow) completed.
[2025-11-28T21:09:38.340772] Starting basic SOP-200 pipeline run (with overflow).
[2025-11-28T21:09:38.352850] Set title in frame TitleMP: Create Workackage Sequencing Type
[2025-11-28T21:09:38.361212] Set meta document_id in frame DocIdMP: SOP-200
[2025-11-28T21:09:38.368737] Set meta revision in frame RevMP: 0
[2025-11-28T21:09:38.373359] Set meta effective_date in frame EffDateMP: None
[2025-11-28T21:09:38.378941] Set meta status in frame StatusMP: Draft
[2025-11-28T21:09:38.386033] Set meta owner in frame OwnerMP: Jason Grace
[2025-11-28T21:09:38.392620] Set meta approver in frame ApproverMP: None
[2025-11-28T21:09:38.400156] Set meta department in frame DepartmentMP: Planning
[2025-11-28T21:09:38.407261] Set meta amos_version in frame AMOSVersonMP: 25.6
[2025-11-28T21:09:38.414255] Set meta apn in frame APNMP: 2201
[2025-11-28T21:09:38.420428] Set title in frame TitleCONT: Create Workackage Sequencing Type
[2025-11-28T21:09:38.427955] Set meta document_id in frame DocIdCONT: SOP-200
[2025-11-28T21:09:38.433532] Set meta revision in frame RevCONT: 0
[2025-11-28T21:09:38.439272] Set meta effective_date in frame EffDateCONT: None
[2025-11-28T21:09:38.446277] Set meta status in frame StatusCONT: Draft
[2025-11-28T21:09:38.662568] Body text flowed into frame BodyTextMP.
[2025-11-28T21:09:38.672757] Failed to link BodyTextMP to BodyTextCONT: Source frame is linked to another frame.
[2025-11-28T21:09:38.789756] PDF exported to C:\Users\Jason\Documents\OVault\OVault\WORK\New AMOS\Document_Publish_Pipeline\published\pdf\SOP-200_basic_overflow.pdf
[2025-11-28T21:09:38.804793] Basic SOP-200 pipeline run (with overflow) completed.
[2025-11-28T21:09:39.961081] Basic SOP-200 pipeline run (with overflow) completed.
[2025-11-28T21:10:22.055223] Starting basic SOP-200 pipeline run (with overflow).
[2025-11-28T21:10:22.065380] Set title in frame TitleMP: Create Workackage Sequencing Type
[2025-11-28T21:10:22.071897] Set meta document_id in frame DocIdMP: SOP-200
[2025-11-28T21:10:22.077981] Set meta revision in frame RevMP: 0
[2025-11-28T21:10:22.085987] Set meta effective_date in frame EffDateMP: None
[2025-11-28T21:10:22.092516] Set meta status in frame StatusMP: Draft
[2025-11-28T21:10:22.097607] Set meta owner in frame OwnerMP: Jason Grace
[2025-11-28T21:10:22.104927] Set meta approver in frame ApproverMP: None
[2025-11-28T21:10:22.111784] Set meta department in frame DepartmentMP: Planning
[2025-11-28T21:10:22.116785] Set meta amos_version in frame AMOSVersonMP: 25.6
[2025-11-28T21:10:22.123322] Set meta apn in frame APNMP: 2201
[2025-11-28T21:10:22.128859] Set title in frame TitleCONT: Create Workackage Sequencing Type
[2025-11-28T21:10:22.133865] Set meta document_id in frame DocIdCONT: SOP-200
[2025-11-28T21:10:22.141417] Set meta revision in frame RevCONT: 0
[2025-11-28T21:10:22.147416] Set meta effective_date in frame EffDateCONT: None
[2025-11-28T21:10:22.154689] Set meta status in frame StatusCONT: Draft
[2025-11-28T21:10:22.243981] Body text flowed into frame BodyTextMP.
[2025-11-28T21:10:22.261098] Linked body chain: BodyTextMP → BodyTextCONT
[2025-11-28T21:10:22.273265] Overflow handling complete; all text fits into the frame chain or safety limit reached.
[2025-11-28T21:10:22.409097] PDF exported to C:\Users\Jason\Documents\OVault\OVault\WORK\New AMOS\Document_Publish_Pipeline\published\pdf\SOP-200_basic_overflow.pdf
[2025-11-28T21:10:22.417515] Basic SOP-200 pipeline run (with overflow) completed.
[2025-11-28T21:10:23.977733] Basic SOP-200 pipeline run (with overflow) completed.
[2025-11-28T21:14:58.763589] Starting basic SOP-200 pipeline run (with overflow).
[2025-11-28T21:14:58.775091] Set title in frame TitleMP: Create Workackage Sequencing Type
[2025-11-28T21:14:58.782613] Set meta document_id in frame DocIdMP: SOP-200
[2025-11-28T21:14:58.790969] Set meta revision in frame RevMP: 0
[2025-11-28T21:14:58.803090] Set meta effective_date in frame EffDateMP: None
[2025-11-28T21:14:58.808606] Set meta status in frame StatusMP: Draft
[2025-11-28T21:14:58.815744] Set meta owner in frame OwnerMP: Jason Grace
[2025-11-28T21:14:58.822714] Set meta approver in frame ApproverMP: None
[2025-11-28T21:14:58.829334] Set meta department in frame DepartmentMP: Planning
[2025-11-28T21:14:58.835851] Set meta amos_version in frame AMOSVersonMP: 25.6
[2025-11-28T21:14:58.844412] Set meta apn in frame APNMP: 2201
[2025-11-28T21:14:58.850419] Set title in frame TitleCONT: Create Workackage Sequencing Type
[2025-11-28T21:14:58.859562] Set meta document_id in frame DocIdCONT: SOP-200
[2025-11-28T21:14:58.867585] Set meta revision in frame RevCONT: 0
[2025-11-28T21:14:58.875710] Set meta effective_date in frame EffDateCONT: None
[2025-11-28T21:14:58.881708] Set meta status in frame StatusCONT: Draft
[2025-11-28T21:14:59.066859] Body text flowed into frame BodyTextMP.
[2025-11-28T21:14:59.075077] Failed to link BodyTextMP to BodyTextCONT: Source frame is linked to another frame.
[2025-11-28T21:14:59.176376] PDF exported to C:\Users\Jason\Documents\OVault\OVault\WORK\New AMOS\Document_Publish_Pipeline\published\pdf\SOP-200_basic_overflow.pdf
[2025-11-28T21:14:59.184095] Basic SOP-200 pipeline run (with overflow) completed.
[2025-11-28T21:15:00.998594] Basic SOP-200 pipeline run (with overflow) completed.
[2025-11-28T21:16:02.946078] Starting basic SOP-200 pipeline run (with overflow).
[2025-11-28T21:16:02.957186] Set title in frame TitleMP: Create Workackage Sequencing Type
[2025-11-28T21:16:02.966364] Set meta document_id in frame DocIdMP: SOP-200
[2025-11-28T21:16:02.972488] Set meta revision in frame RevMP: 0
[2025-11-28T21:16:02.977483] Set meta effective_date in frame EffDateMP: None
[2025-11-28T21:16:02.983009] Set meta status in frame StatusMP: Draft
[2025-11-28T21:16:02.987514] Set meta owner in frame OwnerMP: Jason Grace
[2025-11-28T21:16:02.995126] Set meta approver in frame ApproverMP: None
[2025-11-28T21:16:03.001647] Set meta department in frame DepartmentMP: Planning
[2025-11-28T21:16:03.007640] Set meta amos_version in frame AMOSVersonMP: 25.6
[2025-11-28T21:16:03.015323] Set meta apn in frame APNMP: 2201
[2025-11-28T21:16:03.022859] Set title in frame TitleCONT: Create Workackage Sequencing Type
[2025-11-28T21:16:03.028543] Set meta document_id in frame DocIdCONT: SOP-200
[2025-11-28T21:16:03.035061] Set meta revision in frame RevCONT: 0
[2025-11-28T21:16:03.044215] Set meta effective_date in frame EffDateCONT: None
[2025-11-28T21:16:03.051465] Set meta status in frame StatusCONT: Draft
[2025-11-28T21:16:03.227750] Body text flowed into frame BodyTextMP.
[2025-11-28T21:16:03.237898] Failed to link BodyTextMP to BodyTextCONT: Source frame is linked to another frame.
[2025-11-28T21:16:03.342071] PDF exported to C:\Users\Jason\Documents\OVault\OVault\WORK\New AMOS\Document_Publish_Pipeline\published\pdf\SOP-200_basic_overflow.pdf
[2025-11-28T21:16:03.345569] Basic SOP-200 pipeline run (with overflow) completed.
[2025-11-28T21:16:05.639262] Basic SOP-200 pipeline run (with overflow) completed.
[2025-11-28T21:17:01.434244] Starting basic SOP-200 pipeline run (with overflow).
[2025-11-28T21:17:01.452791] Set title in frame TitleMP: Create Workackage Sequencing Type
[2025-11-28T21:17:01.461881] Set meta document_id in frame DocIdMP: SOP-200
[2025-11-28T21:17:01.471389] Set meta revision in frame RevMP: 0
[2025-11-28T21:17:01.478639] Set meta effective_date in frame EffDateMP: None
[2025-11-28T21:17:01.486639] Set meta status in frame StatusMP: Draft
[2025-11-28T21:17:01.494245] Set meta owner in frame OwnerMP: Jason Grace
[2025-11-28T21:17:01.500789] Set meta approver in frame ApproverMP: None
[2025-11-28T21:17:01.509317] Set meta department in frame DepartmentMP: Planning
[2025-11-28T21:17:01.516839] Set meta amos_version in frame AMOSVersonMP: 25.6
[2025-11-28T21:17:01.524886] Set meta apn in frame APNMP: 2201
[2025-11-28T21:17:01.531632] Set title in frame TitleCONT: Create Workackage Sequencing Type
[2025-11-28T21:17:01.537631] Set meta document_id in frame DocIdCONT: SOP-200
[2025-11-28T21:17:01.544152] Set meta revision in frame RevCONT: 0
[2025-11-28T21:17:01.550156] Set meta effective_date in frame EffDateCONT: None
[2025-11-28T21:17:01.558043] Set meta status in frame StatusCONT: Draft
[2025-11-28T21:17:01.756756] Body text flowed into frame BodyTextMP.
[2025-11-28T21:17:01.764355] Failed to link BodyTextMP to BodyTextCONT: Source frame is linked to another frame.
[2025-11-28T21:17:01.904373] PDF exported to C:\Users\Jason\Documents\OVault\OVault\WORK\New AMOS\Document_Publish_Pipeline\published\pdf\SOP-200_basic_overflow.pdf
[2025-11-28T21:17:01.912603] Basic SOP-200 pipeline run (with overflow) completed.
[2025-11-28T21:17:03.170535] Basic SOP-200 pipeline run (with overflow) completed.
